::1 - - [02/Feb/2026:20:05:42 +0000] "GET / HTTP/1.1" - -
::1 - - [02/Feb/2026:20:05:48 +0000] "GET / HTTP/1.1" - -
::1 - - [02/Feb/2026:20:05:48 +0000] "GET / HTTP/1.1" - -
::1 - - [02/Feb/2026:20:05:49 +0000] "GET / HTTP/1.1" - -
::1 - - [02/Feb/2026:20:05:49 +0000] "GET /favicon.ico HTTP/1.1" - -
::1 - - [02/Feb/2026:20:05:53 +0000] "GET / HTTP/1.1" - -
::1 - - [03/Feb/2026:16:09:08 +0000] "GET / HTTP/1.1" - -
::1 - - [03/Feb/2026:16:09:08 +0000] "GET /favicon.ico HTTP/1.1" - -
::1 - - [03/Feb/2026:16:09:29 +0000] "GET / HTTP/1.1" - -
::1 - - [03/Feb/2026:16:10:48 +0000] "GET / HTTP/1.1" - -
::1 - - [03/Feb/2026:16:10:49 +0000] "GET / HTTP/1.1" - -
::1 - - [03/Feb/2026:16:10:49 +0000] "GET / HTTP/1.1" - -
::1 - - [03/Feb/2026:16:10:49 +0000] "GET / HTTP/1.1" - -
::1 - - [03/Feb/2026:16:10:49 +0000] "GET / HTTP/1.1" - -
::1 - - [03/Feb/2026:16:10:50 +0000] "GET / HTTP/1.1" - -
::1 - - [03/Feb/2026:16:10:50 +0000] "GET / HTTP/1.1" - -
::1 - - [03/Feb/2026:16:10:50 +0000] "GET / HTTP/1.1" - -
::1 - - [03/Feb/2026:16:10:50 +0000] "GET / HTTP/1.1" - -
::1 - - [03/Feb/2026:16:10:54 +0000] "GET / HTTP/1.1" - -
::1 - - [03/Feb/2026:16:25:05 +0000] "GET / HTTP/1.1" - -
::1 - - [03/Feb/2026:16:25:25 +0000] "GET / HTTP/1.1" - -
::1 - - [04/Feb/2026:10:58:49 +0000] "GET / HTTP/1.1" - -
::1 - - [04/Feb/2026:10:58:49 +0000] "GET /artista HTTP/1.1" - -
::1 - - [04/Feb/2026:10:58:49 +0000] "GET /style.css HTTP/1.1" - -
::1 - - [04/Feb/2026:10:58:49 +0000] "GET /favicon.ico HTTP/1.1" - -
::1 - - [04/Feb/2026:10:59:23 +0000] "GET /artista HTTP/1.1" - -
::1 - - [04/Feb/2026:10:59:23 +0000] "GET /style.css HTTP/1.1" - -
::ffff:127.0.0.1 - - [04/Feb/2026:11:00:41 +0000] "GET /artista HTTP/1.1" - -
::ffff:127.0.0.1 - - [04/Feb/2026:11:00:41 +0000] "GET /style.css HTTP/1.1" - -
::1 - - [04/Feb/2026:11:01:05 +0000] "GET /artista HTTP/1.1" - -
::1 - - [04/Feb/2026:11:01:05 +0000] "GET /style.css HTTP/1.1" - -
::1 - - [04/Feb/2026:11:01:07 +0000] "GET /artista/form/1 HTTP/1.1" - -
::1 - - [04/Feb/2026:11:01:07 +0000] "GET /style.css HTTP/1.1" - -
